<?xml version="1.0" encoding="UTF-8"?>
<testsuite name="jp.or.miya.web.HelloControllerTest" tests="1" skipped="0" failures="0" errors="0" timestamp="2023-06-08T01:29:26" hostname="DESKTOP-TTP9NQD" time="1.787">
  <properties/>
  <testcase name="return_helloDto()" classname="jp.or.miya.web.HelloControllerTest" time="1.787"/>
  <system-out><![CDATA[10:29:20.823 [Test worker] DEBUG org.springframework.boot.test.autoconfigure.web.servlet.WebMvcTestContextBootstrapper - Neither @ContextConfiguration nor @ContextHierarchy found for test class [HelloControllerTest]: using SpringBootContextLoader
10:29:20.845 [Test worker] DEBUG org.springframework.test.context.support.AbstractContextLoader - Could not detect default resource locations for test class [jp.or.miya.web.HelloControllerTest]: no resource found for suffixes {-context.xml, Context.groovy}.
10:29:20.851 [Test worker] INFO org.springframework.test.context.support.AnnotationConfigContextLoaderUtils - Could not detect default configuration classes for test class [jp.or.miya.web.HelloControllerTest]: HelloControllerTest does not declare any static, non-private, non-final, nested classes annotated with @Configuration.
10:29:21.204 [Test worker] DEBUG org.springframework.boot.test.autoconfigure.web.servlet.WebMvcTestContextBootstrapper - Using ContextCustomizers for test class [HelloControllerTest]: [DisableAutoConfigurationContextCustomizer, DisableObservabilityContextCustomizer, TypeExcludeFiltersContextCustomizer, PropertyMappingContextCustomizer, Customizer, ImportsContextCustomizer, ExcludeFilterContextCustomizer, DuplicateJsonObjectContextCustomizer, MockitoContextCustomizer]
10:29:21.383 [Test worker] DEBUG org.springframework.context.annotation.ClassPathScanningCandidateComponentProvider - Identified candidate component class: file [D:\03. Project\ws2\miya\build\classes\java\main\jp\or\miya\Application.class]
10:29:21.387 [Test worker] INFO org.springframework.boot.test.context.SpringBootTestContextBootstrapper - Found @SpringBootConfiguration jp.or.miya.Application for test class jp.or.miya.web.HelloControllerTest
10:29:21.430 [Test worker] DEBUG org.springframework.test.context.util.TestContextSpringFactoriesUtils - Skipping candidate TestExecutionListener [org.springframework.test.context.transaction.TransactionalTestExecutionListener] due to a missing dependency. Specify custom TestExecutionListener classes or make the default TestExecutionListener classes and their required dependencies available. Offending class: [org/springframework/transaction/interceptor/TransactionAttributeSource]
10:29:21.440 [Test worker] DEBUG org.springframework.test.context.util.TestContextSpringFactoriesUtils - Skipping candidate TestExecutionListener [org.springframework.test.context.jdbc.SqlScriptsTestExecutionListener] due to a missing dependency. Specify custom TestExecutionListener classes or make the default TestExecutionListener classes and their required dependencies available. Offending class: [org/springframework/transaction/interceptor/TransactionAttribute]
10:29:21.445 [Test worker] DEBUG org.springframework.boot.test.autoconfigure.web.servlet.WebMvcTestContextBootstrapper - Using TestExecutionListeners for test class [HelloControllerTest]: [ServletTestExecutionListener, DirtiesContextBeforeModesTestExecutionListener, ApplicationEventsTestExecutionListener, MockitoTestExecutionListener, DependencyInjectionTestExecutionListener, DirtiesContextTestExecutionListener, EventPublishingTestExecutionListener, RestDocsTestExecutionListener, MockRestServiceServerResetTestExecutionListener, MockMvcPrintOnlyOnFailureTestExecutionListener, WebDriverTestExecutionListener, MockWebServiceServerTestExecutionListener, ResetMocksTestExecutionListener]
10:29:21.450 [Test worker] DEBUG org.springframework.test.context.support.AbstractDirtiesContextTestExecutionListener - Before test class: class [HelloControllerTest], class annotated with @DirtiesContext [false] with mode [null]
10:29:21.485 [Test worker] DEBUG org.springframework.test.context.support.DependencyInjectionTestExecutionListener - Performing dependency injection for test class jp.or.miya.web.HelloControllerTest

  .   ____          _            __ _ _
 /\\ / ___'_ __ _ _(_)_ __  __ _ \ \ \ \
( ( )\___ | '_ | '_| | '_ \/ _` | \ \ \ \
 \\/  ___)| |_)| | | | | || (_| |  ) ) ) )
  '  |____| .__|_| |_|_| |_\__, | / / / /
 =========|_|==============|___/=/_/_/_/
 :: Spring Boot ::                (v3.0.4)

2023-06-08T10:29:22.522+09:00  INFO 15960 --- [    Test worker] jp.or.miya.web.HelloControllerTest       : Starting HelloControllerTest using Java 17.0.7 with PID 15960 (started by ksy in D:\03. Project\ws2\miya)
2023-06-08T10:29:22.525+09:00  INFO 15960 --- [    Test worker] jp.or.miya.web.HelloControllerTest       : No active profile set, falling back to 1 default profile: "default"
2023-06-08T10:29:25.763+09:00  INFO 15960 --- [    Test worker] o.s.b.t.m.w.SpringBootMockServletContext : Initializing Spring TestDispatcherServlet ''
2023-06-08T10:29:25.764+09:00  INFO 15960 --- [    Test worker] o.s.t.web.servlet.TestDispatcherServlet  : Initializing Servlet ''
2023-06-08T10:29:25.771+09:00  INFO 15960 --- [    Test worker] o.s.t.web.servlet.TestDispatcherServlet  : Completed initialization in 4 ms
2023-06-08T10:29:26.110+09:00  INFO 15960 --- [    Test worker] jp.or.miya.web.HelloControllerTest       : Started HelloControllerTest in 4.422 seconds (process running for 8.433)
]]></system-out>
  <system-err><![CDATA[]]></system-err>
</testsuite>
